[2017-04-15 22:26:38,572] INFO org.github.dragos.vscode.Main$ - Starting server in /Users/Clay/Downloads/project/Scala
[2017-04-15 22:26:38,572] INFO org.github.dragos.vscode.Main$ - Starting server in /Users/Clay/Downloads/project/Scala
[2017-04-15 22:26:38,580] INFO org.github.dragos.vscode.Main$ - Classpath: /Users/Clay/.vscode/extensions/dragos.scala-lsp-0.1.3/coursier
[2017-04-15 22:26:38,580] INFO org.github.dragos.vscode.Main$ - Classpath: /Users/Clay/.vscode/extensions/dragos.scala-lsp-0.1.3/coursier
[2017-04-15 22:26:38,846] INFO akka.event.slf4j.Slf4jLogger - Slf4jLogger started
[2017-04-15 22:26:39,048] INFO org.github.dragos.vscode.EnsimeLanguageServer - Initialized with 2672, /Users/Clay/Downloads/project/Scala, ClientCapabilities()
[2017-04-15 22:26:39,048] INFO org.github.dragos.vscode.EnsimeLanguageServer - Initialized with 2672, /Users/Clay/Downloads/project/Scala, ClientCapabilities()
[2017-04-15 22:26:39,258] ERROR langserver.core.Connection - No notification type exists with method=initialized
[2017-04-15 22:26:39,258] ERROR langserver.core.Connection - No notification type exists with method=initialized
[2017-04-15 22:26:41,963] INFO org.github.dragos.vscode.EnsimeLanguageServer - Got hover request at (120, 28).
[2017-04-15 22:26:41,963] INFO org.github.dragos.vscode.EnsimeLanguageServer - Got hover request at (120, 28).
[2017-04-15 22:26:41,975] DEBUG org.github.dragos.vscode.EnsimeLanguageServer - DocUriAtPointReq future completed: succes? false
[2017-04-15 22:26:41,975] DEBUG org.github.dragos.vscode.EnsimeLanguageServer - DocUriAtPointReq future completed: succes? false
[2017-04-15 22:26:42,011] ERROR langserver.core.Connection - No notification type exists with method=$/cancelRequest
[2017-04-15 22:26:42,011] ERROR langserver.core.Connection - No notification type exists with method=$/cancelRequest
[2017-04-15 22:26:46,528] INFO org.github.dragos.vscode.EnsimeLanguageServer - Got hover request at (14, 29).
[2017-04-15 22:26:46,528] INFO org.github.dragos.vscode.EnsimeLanguageServer - Got hover request at (14, 29).
[2017-04-15 22:26:46,529] DEBUG org.github.dragos.vscode.EnsimeLanguageServer - DocUriAtPointReq future completed: succes? false
[2017-04-15 22:26:46,529] DEBUG org.github.dragos.vscode.EnsimeLanguageServer - DocUriAtPointReq future completed: succes? false
[2017-04-15 22:26:47,883] ERROR langserver.core.Connection - No notification type exists with method=$/cancelRequest
[2017-04-15 22:26:47,883] ERROR langserver.core.Connection - No notification type exists with method=$/cancelRequest
[2017-04-15 22:30:39,443] ERROR langserver.core.Connection - failed notification handler
java.lang.NullPointerException: null
	at org.github.dragos.vscode.EnsimeLanguageServer.onChangeTextDocument(EnsimeLanguageServer.scala:144)
	at langserver.core.LanguageServer$$anonfun$2.apply(LanguageServer.scala:42)
	at langserver.core.LanguageServer$$anonfun$2.apply(LanguageServer.scala:40)
	at langserver.core.Connection$$anonfun$notifySubscribers$1$$anonfun$apply$1.apply$mcV$sp(Connection.scala:42)
	at langserver.core.Connection$$anonfun$notifySubscribers$1$$anonfun$apply$1.apply(Connection.scala:42)
	at langserver.core.Connection$$anonfun$notifySubscribers$1$$anonfun$apply$1.apply(Connection.scala:42)
	at scala.util.Try$.apply(Try.scala:192)
	at langserver.core.Connection$$anonfun$notifySubscribers$1.apply(Connection.scala:42)
	at langserver.core.Connection$$anonfun$notifySubscribers$1.apply(Connection.scala:41)
	at scala.collection.immutable.List.foreach(List.scala:381)
	at scala.collection.generic.TraversableForwarder$class.foreach(TraversableForwarder.scala:35)
	at scala.collection.mutable.ListBuffer.foreach(ListBuffer.scala:45)
	at langserver.core.Connection.notifySubscribers(Connection.scala:41)
	at langserver.core.Connection$$anonfun$start$2$$anonfun$apply$4.apply(Connection.scala:98)
	at langserver.core.Connection$$anonfun$start$2$$anonfun$apply$4.apply(Connection.scala:98)
	at play.api.libs.json.JsResult$class.fold(JsResult.scala:76)
	at play.api.libs.json.JsSuccess.fold(JsResult.scala:9)
	at langserver.core.Connection$$anonfun$start$2.apply(Connection.scala:97)
	at langserver.core.Connection$$anonfun$start$2.apply(Connection.scala:97)
	at scala.Option.fold(Option.scala:158)
	at langserver.core.Connection.start(Connection.scala:97)
	at langserver.core.LanguageServer.start(LanguageServer.scala:50)
	at org.github.dragos.vscode.EnsimeLanguageServer.start(EnsimeLanguageServer.scala:49)
	at org.github.dragos.vscode.Main$.main(Main.scala:23)
	at org.github.dragos.vscode.Main.main(Main.scala)
	at sun.reflect.NativeMethodAccessorImpl.invoke0(Native Method)
	at sun.reflect.NativeMethodAccessorImpl.invoke(NativeMethodAccessorImpl.java:62)
	at sun.reflect.DelegatingMethodAccessorImpl.invoke(DelegatingMethodAccessorImpl.java:43)
	at java.lang.reflect.Method.invoke(Method.java:497)
	at coursier.cli.qn.a(Unknown Source)
	at coursier.cli.qm.i(Unknown Source)
	at coursier.cli.qs.a(Unknown Source)
	at c.g.a.c(Unknown Source)
	at a.b.d_(Unknown Source)
	at c.b.d.E.g(Unknown Source)
	at c.b.e.aU.g(Unknown Source)
	at a.c.a(Unknown Source)
	at coursier.cli.qm.b(Unknown Source)
	at coursier.cli.M.b(Unknown Source)
	at a.J.d_(Unknown Source)
	at c.E.h(Unknown Source)
	at a.c.a(Unknown Source)
	at coursier.cli.Coursier.main(Unknown Source)
	at sun.reflect.NativeMethodAccessorImpl.invoke0(Native Method)
	at sun.reflect.NativeMethodAccessorImpl.invoke(NativeMethodAccessorImpl.java:62)
	at sun.reflect.DelegatingMethodAccessorImpl.invoke(DelegatingMethodAccessorImpl.java:43)
	at java.lang.reflect.Method.invoke(Method.java:497)
	at coursier.Bootstrap.main(Bootstrap.java:412)
[2017-04-15 22:30:39,443] ERROR langserver.core.Connection - failed notification handler
java.lang.NullPointerException: null
	at org.github.dragos.vscode.EnsimeLanguageServer.onChangeTextDocument(EnsimeLanguageServer.scala:144)
	at langserver.core.LanguageServer$$anonfun$2.apply(LanguageServer.scala:42)
	at langserver.core.LanguageServer$$anonfun$2.apply(LanguageServer.scala:40)
	at langserver.core.Connection$$anonfun$notifySubscribers$1$$anonfun$apply$1.apply$mcV$sp(Connection.scala:42)
	at langserver.core.Connection$$anonfun$notifySubscribers$1$$anonfun$apply$1.apply(Connection.scala:42)
	at langserver.core.Connection$$anonfun$notifySubscribers$1$$anonfun$apply$1.apply(Connection.scala:42)
	at scala.util.Try$.apply(Try.scala:192)
	at langserver.core.Connection$$anonfun$notifySubscribers$1.apply(Connection.scala:42)
	at langserver.core.Connection$$anonfun$notifySubscribers$1.apply(Connection.scala:41)
	at scala.collection.immutable.List.foreach(List.scala:381)
	at scala.collection.generic.TraversableForwarder$class.foreach(TraversableForwarder.scala:35)
	at scala.collection.mutable.ListBuffer.foreach(ListBuffer.scala:45)
	at langserver.core.Connection.notifySubscribers(Connection.scala:41)
	at langserver.core.Connection$$anonfun$start$2$$anonfun$apply$4.apply(Connection.scala:98)
	at langserver.core.Connection$$anonfun$start$2$$anonfun$apply$4.apply(Connection.scala:98)
	at play.api.libs.json.JsResult$class.fold(JsResult.scala:76)
	at play.api.libs.json.JsSuccess.fold(JsResult.scala:9)
	at langserver.core.Connection$$anonfun$start$2.apply(Connection.scala:97)
	at langserver.core.Connection$$anonfun$start$2.apply(Connection.scala:97)
	at scala.Option.fold(Option.scala:158)
	at langserver.core.Connection.start(Connection.scala:97)
	at langserver.core.LanguageServer.start(LanguageServer.scala:50)
	at org.github.dragos.vscode.EnsimeLanguageServer.start(EnsimeLanguageServer.scala:49)
	at org.github.dragos.vscode.Main$.main(Main.scala:23)
	at org.github.dragos.vscode.Main.main(Main.scala)
	at sun.reflect.NativeMethodAccessorImpl.invoke0(Native Method)
	at sun.reflect.NativeMethodAccessorImpl.invoke(NativeMethodAccessorImpl.java:62)
	at sun.reflect.DelegatingMethodAccessorImpl.invoke(DelegatingMethodAccessorImpl.java:43)
	at java.lang.reflect.Method.invoke(Method.java:497)
	at coursier.cli.qn.a(Unknown Source)
	at coursier.cli.qm.i(Unknown Source)
	at coursier.cli.qs.a(Unknown Source)
	at c.g.a.c(Unknown Source)
	at a.b.d_(Unknown Source)
	at c.b.d.E.g(Unknown Source)
	at c.b.e.aU.g(Unknown Source)
	at a.c.a(Unknown Source)
	at coursier.cli.qm.b(Unknown Source)
	at coursier.cli.M.b(Unknown Source)
	at a.J.d_(Unknown Source)
	at c.E.h(Unknown Source)
	at a.c.a(Unknown Source)
	at coursier.cli.Coursier.main(Unknown Source)
	at sun.reflect.NativeMethodAccessorImpl.invoke0(Native Method)
	at sun.reflect.NativeMethodAccessorImpl.invoke(NativeMethodAccessorImpl.java:62)
	at sun.reflect.DelegatingMethodAccessorImpl.invoke(DelegatingMethodAccessorImpl.java:43)
	at java.lang.reflect.Method.invoke(Method.java:497)
	at coursier.Bootstrap.main(Bootstrap.java:412)
[2017-04-15 22:30:41,105] ERROR langserver.core.Connection - failed notification handler
java.lang.NullPointerException: null
	at org.github.dragos.vscode.EnsimeLanguageServer.onChangeTextDocument(EnsimeLanguageServer.scala:144)
	at langserver.core.LanguageServer$$anonfun$2.apply(LanguageServer.scala:42)
	at langserver.core.LanguageServer$$anonfun$2.apply(LanguageServer.scala:40)
	at langserver.core.Connection$$anonfun$notifySubscribers$1$$anonfun$apply$1.apply$mcV$sp(Connection.scala:42)
	at langserver.core.Connection$$anonfun$notifySubscribers$1$$anonfun$apply$1.apply(Connection.scala:42)
	at langserver.core.Connection$$anonfun$notifySubscribers$1$$anonfun$apply$1.apply(Connection.scala:42)
	at scala.util.Try$.apply(Try.scala:192)
	at langserver.core.Connection$$anonfun$notifySubscribers$1.apply(Connection.scala:42)
	at langserver.core.Connection$$anonfun$notifySubscribers$1.apply(Connection.scala:41)
	at scala.collection.immutable.List.foreach(List.scala:381)
	at scala.collection.generic.TraversableForwarder$class.foreach(TraversableForwarder.scala:35)
	at scala.collection.mutable.ListBuffer.foreach(ListBuffer.scala:45)
	at langserver.core.Connection.notifySubscribers(Connection.scala:41)
	at langserver.core.Connection$$anonfun$start$2$$anonfun$apply$4.apply(Connection.scala:98)
	at langserver.core.Connection$$anonfun$start$2$$anonfun$apply$4.apply(Connection.scala:98)
	at play.api.libs.json.JsResult$class.fold(JsResult.scala:76)
	at play.api.libs.json.JsSuccess.fold(JsResult.scala:9)
	at langserver.core.Connection$$anonfun$start$2.apply(Connection.scala:97)
	at langserver.core.Connection$$anonfun$start$2.apply(Connection.scala:97)
	at scala.Option.fold(Option.scala:158)
	at langserver.core.Connection.start(Connection.scala:97)
	at langserver.core.LanguageServer.start(LanguageServer.scala:50)
	at org.github.dragos.vscode.EnsimeLanguageServer.start(EnsimeLanguageServer.scala:49)
	at org.github.dragos.vscode.Main$.main(Main.scala:23)
	at org.github.dragos.vscode.Main.main(Main.scala)
	at sun.reflect.NativeMethodAccessorImpl.invoke0(Native Method)
	at sun.reflect.NativeMethodAccessorImpl.invoke(NativeMethodAccessorImpl.java:62)
	at sun.reflect.DelegatingMethodAccessorImpl.invoke(DelegatingMethodAccessorImpl.java:43)
	at java.lang.reflect.Method.invoke(Method.java:497)
	at coursier.cli.qn.a(Unknown Source)
	at coursier.cli.qm.i(Unknown Source)
	at coursier.cli.qs.a(Unknown Source)
	at c.g.a.c(Unknown Source)
	at a.b.d_(Unknown Source)
	at c.b.d.E.g(Unknown Source)
	at c.b.e.aU.g(Unknown Source)
	at a.c.a(Unknown Source)
	at coursier.cli.qm.b(Unknown Source)
	at coursier.cli.M.b(Unknown Source)
	at a.J.d_(Unknown Source)
	at c.E.h(Unknown Source)
	at a.c.a(Unknown Source)
	at coursier.cli.Coursier.main(Unknown Source)
	at sun.reflect.NativeMethodAccessorImpl.invoke0(Native Method)
	at sun.reflect.NativeMethodAccessorImpl.invoke(NativeMethodAccessorImpl.java:62)
	at sun.reflect.DelegatingMethodAccessorImpl.invoke(DelegatingMethodAccessorImpl.java:43)
	at java.lang.reflect.Method.invoke(Method.java:497)
	at coursier.Bootstrap.main(Bootstrap.java:412)
[2017-04-15 22:30:41,105] ERROR langserver.core.Connection - failed notification handler
java.lang.NullPointerException: null
	at org.github.dragos.vscode.EnsimeLanguageServer.onChangeTextDocument(EnsimeLanguageServer.scala:144)
	at langserver.core.LanguageServer$$anonfun$2.apply(LanguageServer.scala:42)
	at langserver.core.LanguageServer$$anonfun$2.apply(LanguageServer.scala:40)
	at langserver.core.Connection$$anonfun$notifySubscribers$1$$anonfun$apply$1.apply$mcV$sp(Connection.scala:42)
	at langserver.core.Connection$$anonfun$notifySubscribers$1$$anonfun$apply$1.apply(Connection.scala:42)
	at langserver.core.Connection$$anonfun$notifySubscribers$1$$anonfun$apply$1.apply(Connection.scala:42)
	at scala.util.Try$.apply(Try.scala:192)
	at langserver.core.Connection$$anonfun$notifySubscribers$1.apply(Connection.scala:42)
	at langserver.core.Connection$$anonfun$notifySubscribers$1.apply(Connection.scala:41)
	at scala.collection.immutable.List.foreach(List.scala:381)
	at scala.collection.generic.TraversableForwarder$class.foreach(TraversableForwarder.scala:35)
	at scala.collection.mutable.ListBuffer.foreach(ListBuffer.scala:45)
	at langserver.core.Connection.notifySubscribers(Connection.scala:41)
	at langserver.core.Connection$$anonfun$start$2$$anonfun$apply$4.apply(Connection.scala:98)
	at langserver.core.Connection$$anonfun$start$2$$anonfun$apply$4.apply(Connection.scala:98)
	at play.api.libs.json.JsResult$class.fold(JsResult.scala:76)
	at play.api.libs.json.JsSuccess.fold(JsResult.scala:9)
	at langserver.core.Connection$$anonfun$start$2.apply(Connection.scala:97)
	at langserver.core.Connection$$anonfun$start$2.apply(Connection.scala:97)
	at scala.Option.fold(Option.scala:158)
	at langserver.core.Connection.start(Connection.scala:97)
	at langserver.core.LanguageServer.start(LanguageServer.scala:50)
	at org.github.dragos.vscode.EnsimeLanguageServer.start(EnsimeLanguageServer.scala:49)
	at org.github.dragos.vscode.Main$.main(Main.scala:23)
	at org.github.dragos.vscode.Main.main(Main.scala)
	at sun.reflect.NativeMethodAccessorImpl.invoke0(Native Method)
	at sun.reflect.NativeMethodAccessorImpl.invoke(NativeMethodAccessorImpl.java:62)
	at sun.reflect.DelegatingMethodAccessorImpl.invoke(DelegatingMethodAccessorImpl.java:43)
	at java.lang.reflect.Method.invoke(Method.java:497)
	at coursier.cli.qn.a(Unknown Source)
	at coursier.cli.qm.i(Unknown Source)
	at coursier.cli.qs.a(Unknown Source)
	at c.g.a.c(Unknown Source)
	at a.b.d_(Unknown Source)
	at c.b.d.E.g(Unknown Source)
	at c.b.e.aU.g(Unknown Source)
	at a.c.a(Unknown Source)
	at coursier.cli.qm.b(Unknown Source)
	at coursier.cli.M.b(Unknown Source)
	at a.J.d_(Unknown Source)
	at c.E.h(Unknown Source)
	at a.c.a(Unknown Source)
	at coursier.cli.Coursier.main(Unknown Source)
	at sun.reflect.NativeMethodAccessorImpl.invoke0(Native Method)
	at sun.reflect.NativeMethodAccessorImpl.invoke(NativeMethodAccessorImpl.java:62)
	at sun.reflect.DelegatingMethodAccessorImpl.invoke(DelegatingMethodAccessorImpl.java:43)
	at java.lang.reflect.Method.invoke(Method.java:497)
	at coursier.Bootstrap.main(Bootstrap.java:412)
[2017-04-15 22:30:41,108] DEBUG org.github.dragos.vscode.EnsimeLanguageServer - Completions future completed: succes? false
[2017-04-15 22:30:41,108] DEBUG org.github.dragos.vscode.EnsimeLanguageServer - Completions future completed: succes? false
[2017-04-15 22:30:41,878] ERROR langserver.core.Connection - No notification type exists with method=$/cancelRequest
[2017-04-15 22:30:41,878] ERROR langserver.core.Connection - No notification type exists with method=$/cancelRequest
[2017-04-15 22:30:42,061] ERROR langserver.core.Connection - failed notification handler
java.lang.NullPointerException: null
	at org.github.dragos.vscode.EnsimeLanguageServer.onChangeTextDocument(EnsimeLanguageServer.scala:144)
	at langserver.core.LanguageServer$$anonfun$2.apply(LanguageServer.scala:42)
	at langserver.core.LanguageServer$$anonfun$2.apply(LanguageServer.scala:40)
	at langserver.core.Connection$$anonfun$notifySubscribers$1$$anonfun$apply$1.apply$mcV$sp(Connection.scala:42)
	at langserver.core.Connection$$anonfun$notifySubscribers$1$$anonfun$apply$1.apply(Connection.scala:42)
	at langserver.core.Connection$$anonfun$notifySubscribers$1$$anonfun$apply$1.apply(Connection.scala:42)
	at scala.util.Try$.apply(Try.scala:192)
	at langserver.core.Connection$$anonfun$notifySubscribers$1.apply(Connection.scala:42)
	at langserver.core.Connection$$anonfun$notifySubscribers$1.apply(Connection.scala:41)
	at scala.collection.immutable.List.foreach(List.scala:381)
	at scala.collection.generic.TraversableForwarder$class.foreach(TraversableForwarder.scala:35)
	at scala.collection.mutable.ListBuffer.foreach(ListBuffer.scala:45)
	at langserver.core.Connection.notifySubscribers(Connection.scala:41)
	at langserver.core.Connection$$anonfun$start$2$$anonfun$apply$4.apply(Connection.scala:98)
	at langserver.core.Connection$$anonfun$start$2$$anonfun$apply$4.apply(Connection.scala:98)
	at play.api.libs.json.JsResult$class.fold(JsResult.scala:76)
	at play.api.libs.json.JsSuccess.fold(JsResult.scala:9)
	at langserver.core.Connection$$anonfun$start$2.apply(Connection.scala:97)
	at langserver.core.Connection$$anonfun$start$2.apply(Connection.scala:97)
	at scala.Option.fold(Option.scala:158)
	at langserver.core.Connection.start(Connection.scala:97)
	at langserver.core.LanguageServer.start(LanguageServer.scala:50)
	at org.github.dragos.vscode.EnsimeLanguageServer.start(EnsimeLanguageServer.scala:49)
	at org.github.dragos.vscode.Main$.main(Main.scala:23)
	at org.github.dragos.vscode.Main.main(Main.scala)
	at sun.reflect.NativeMethodAccessorImpl.invoke0(Native Method)
	at sun.reflect.NativeMethodAccessorImpl.invoke(NativeMethodAccessorImpl.java:62)
	at sun.reflect.DelegatingMethodAccessorImpl.invoke(DelegatingMethodAccessorImpl.java:43)
	at java.lang.reflect.Method.invoke(Method.java:497)
	at coursier.cli.qn.a(Unknown Source)
	at coursier.cli.qm.i(Unknown Source)
	at coursier.cli.qs.a(Unknown Source)
	at c.g.a.c(Unknown Source)
	at a.b.d_(Unknown Source)
	at c.b.d.E.g(Unknown Source)
	at c.b.e.aU.g(Unknown Source)
	at a.c.a(Unknown Source)
	at coursier.cli.qm.b(Unknown Source)
	at coursier.cli.M.b(Unknown Source)
	at a.J.d_(Unknown Source)
	at c.E.h(Unknown Source)
	at a.c.a(Unknown Source)
	at coursier.cli.Coursier.main(Unknown Source)
	at sun.reflect.NativeMethodAccessorImpl.invoke0(Native Method)
	at sun.reflect.NativeMethodAccessorImpl.invoke(NativeMethodAccessorImpl.java:62)
	at sun.reflect.DelegatingMethodAccessorImpl.invoke(DelegatingMethodAccessorImpl.java:43)
	at java.lang.reflect.Method.invoke(Method.java:497)
	at coursier.Bootstrap.main(Bootstrap.java:412)
[2017-04-15 22:30:42,061] ERROR langserver.core.Connection - failed notification handler
java.lang.NullPointerException: null
	at org.github.dragos.vscode.EnsimeLanguageServer.onChangeTextDocument(EnsimeLanguageServer.scala:144)
	at langserver.core.LanguageServer$$anonfun$2.apply(LanguageServer.scala:42)
	at langserver.core.LanguageServer$$anonfun$2.apply(LanguageServer.scala:40)
	at langserver.core.Connection$$anonfun$notifySubscribers$1$$anonfun$apply$1.apply$mcV$sp(Connection.scala:42)
	at langserver.core.Connection$$anonfun$notifySubscribers$1$$anonfun$apply$1.apply(Connection.scala:42)
	at langserver.core.Connection$$anonfun$notifySubscribers$1$$anonfun$apply$1.apply(Connection.scala:42)
	at scala.util.Try$.apply(Try.scala:192)
	at langserver.core.Connection$$anonfun$notifySubscribers$1.apply(Connection.scala:42)
	at langserver.core.Connection$$anonfun$notifySubscribers$1.apply(Connection.scala:41)
	at scala.collection.immutable.List.foreach(List.scala:381)
	at scala.collection.generic.TraversableForwarder$class.foreach(TraversableForwarder.scala:35)
	at scala.collection.mutable.ListBuffer.foreach(ListBuffer.scala:45)
	at langserver.core.Connection.notifySubscribers(Connection.scala:41)
	at langserver.core.Connection$$anonfun$start$2$$anonfun$apply$4.apply(Connection.scala:98)
	at langserver.core.Connection$$anonfun$start$2$$anonfun$apply$4.apply(Connection.scala:98)
	at play.api.libs.json.JsResult$class.fold(JsResult.scala:76)
	at play.api.libs.json.JsSuccess.fold(JsResult.scala:9)
	at langserver.core.Connection$$anonfun$start$2.apply(Connection.scala:97)
	at langserver.core.Connection$$anonfun$start$2.apply(Connection.scala:97)
	at scala.Option.fold(Option.scala:158)
	at langserver.core.Connection.start(Connection.scala:97)
	at langserver.core.LanguageServer.start(LanguageServer.scala:50)
	at org.github.dragos.vscode.EnsimeLanguageServer.start(EnsimeLanguageServer.scala:49)
	at org.github.dragos.vscode.Main$.main(Main.scala:23)
	at org.github.dragos.vscode.Main.main(Main.scala)
	at sun.reflect.NativeMethodAccessorImpl.invoke0(Native Method)
	at sun.reflect.NativeMethodAccessorImpl.invoke(NativeMethodAccessorImpl.java:62)
	at sun.reflect.DelegatingMethodAccessorImpl.invoke(DelegatingMethodAccessorImpl.java:43)
	at java.lang.reflect.Method.invoke(Method.java:497)
	at coursier.cli.qn.a(Unknown Source)
	at coursier.cli.qm.i(Unknown Source)
	at coursier.cli.qs.a(Unknown Source)
	at c.g.a.c(Unknown Source)
	at a.b.d_(Unknown Source)
	at c.b.d.E.g(Unknown Source)
	at c.b.e.aU.g(Unknown Source)
	at a.c.a(Unknown Source)
	at coursier.cli.qm.b(Unknown Source)
	at coursier.cli.M.b(Unknown Source)
	at a.J.d_(Unknown Source)
	at c.E.h(Unknown Source)
	at a.c.a(Unknown Source)
	at coursier.cli.Coursier.main(Unknown Source)
	at sun.reflect.NativeMethodAccessorImpl.invoke0(Native Method)
	at sun.reflect.NativeMethodAccessorImpl.invoke(NativeMethodAccessorImpl.java:62)
	at sun.reflect.DelegatingMethodAccessorImpl.invoke(DelegatingMethodAccessorImpl.java:43)
	at java.lang.reflect.Method.invoke(Method.java:497)
	at coursier.Bootstrap.main(Bootstrap.java:412)
[2017-04-15 22:30:43,018] ERROR langserver.core.Connection - failed notification handler
java.lang.NullPointerException: null
	at org.github.dragos.vscode.EnsimeLanguageServer.onChangeTextDocument(EnsimeLanguageServer.scala:144)
	at langserver.core.LanguageServer$$anonfun$2.apply(LanguageServer.scala:42)
	at langserver.core.LanguageServer$$anonfun$2.apply(LanguageServer.scala:40)
	at langserver.core.Connection$$anonfun$notifySubscribers$1$$anonfun$apply$1.apply$mcV$sp(Connection.scala:42)
	at langserver.core.Connection$$anonfun$notifySubscribers$1$$anonfun$apply$1.apply(Connection.scala:42)
	at langserver.core.Connection$$anonfun$notifySubscribers$1$$anonfun$apply$1.apply(Connection.scala:42)
	at scala.util.Try$.apply(Try.scala:192)
	at langserver.core.Connection$$anonfun$notifySubscribers$1.apply(Connection.scala:42)
	at langserver.core.Connection$$anonfun$notifySubscribers$1.apply(Connection.scala:41)
	at scala.collection.immutable.List.foreach(List.scala:381)
	at scala.collection.generic.TraversableForwarder$class.foreach(TraversableForwarder.scala:35)
	at scala.collection.mutable.ListBuffer.foreach(ListBuffer.scala:45)
	at langserver.core.Connection.notifySubscribers(Connection.scala:41)
	at langserver.core.Connection$$anonfun$start$2$$anonfun$apply$4.apply(Connection.scala:98)
	at langserver.core.Connection$$anonfun$start$2$$anonfun$apply$4.apply(Connection.scala:98)
	at play.api.libs.json.JsResult$class.fold(JsResult.scala:76)
	at play.api.libs.json.JsSuccess.fold(JsResult.scala:9)
	at langserver.core.Connection$$anonfun$start$2.apply(Connection.scala:97)
	at langserver.core.Connection$$anonfun$start$2.apply(Connection.scala:97)
	at scala.Option.fold(Option.scala:158)
	at langserver.core.Connection.start(Connection.scala:97)
	at langserver.core.LanguageServer.start(LanguageServer.scala:50)
	at org.github.dragos.vscode.EnsimeLanguageServer.start(EnsimeLanguageServer.scala:49)
	at org.github.dragos.vscode.Main$.main(Main.scala:23)
	at org.github.dragos.vscode.Main.main(Main.scala)
	at sun.reflect.NativeMethodAccessorImpl.invoke0(Native Method)
	at sun.reflect.NativeMethodAccessorImpl.invoke(NativeMethodAccessorImpl.java:62)
	at sun.reflect.DelegatingMethodAccessorImpl.invoke(DelegatingMethodAccessorImpl.java:43)
	at java.lang.reflect.Method.invoke(Method.java:497)
	at coursier.cli.qn.a(Unknown Source)
	at coursier.cli.qm.i(Unknown Source)
	at coursier.cli.qs.a(Unknown Source)
	at c.g.a.c(Unknown Source)
	at a.b.d_(Unknown Source)
	at c.b.d.E.g(Unknown Source)
	at c.b.e.aU.g(Unknown Source)
	at a.c.a(Unknown Source)
	at coursier.cli.qm.b(Unknown Source)
	at coursier.cli.M.b(Unknown Source)
	at a.J.d_(Unknown Source)
	at c.E.h(Unknown Source)
	at a.c.a(Unknown Source)
	at coursier.cli.Coursier.main(Unknown Source)
	at sun.reflect.NativeMethodAccessorImpl.invoke0(Native Method)
	at sun.reflect.NativeMethodAccessorImpl.invoke(NativeMethodAccessorImpl.java:62)
	at sun.reflect.DelegatingMethodAccessorImpl.invoke(DelegatingMethodAccessorImpl.java:43)
	at java.lang.reflect.Method.invoke(Method.java:497)
	at coursier.Bootstrap.main(Bootstrap.java:412)
[2017-04-15 22:30:43,018] ERROR langserver.core.Connection - failed notification handler
java.lang.NullPointerException: null
	at org.github.dragos.vscode.EnsimeLanguageServer.onChangeTextDocument(EnsimeLanguageServer.scala:144)
	at langserver.core.LanguageServer$$anonfun$2.apply(LanguageServer.scala:42)
	at langserver.core.LanguageServer$$anonfun$2.apply(LanguageServer.scala:40)
	at langserver.core.Connection$$anonfun$notifySubscribers$1$$anonfun$apply$1.apply$mcV$sp(Connection.scala:42)
	at langserver.core.Connection$$anonfun$notifySubscribers$1$$anonfun$apply$1.apply(Connection.scala:42)
	at langserver.core.Connection$$anonfun$notifySubscribers$1$$anonfun$apply$1.apply(Connection.scala:42)
	at scala.util.Try$.apply(Try.scala:192)
	at langserver.core.Connection$$anonfun$notifySubscribers$1.apply(Connection.scala:42)
	at langserver.core.Connection$$anonfun$notifySubscribers$1.apply(Connection.scala:41)
	at scala.collection.immutable.List.foreach(List.scala:381)
	at scala.collection.generic.TraversableForwarder$class.foreach(TraversableForwarder.scala:35)
	at scala.collection.mutable.ListBuffer.foreach(ListBuffer.scala:45)
	at langserver.core.Connection.notifySubscribers(Connection.scala:41)
	at langserver.core.Connection$$anonfun$start$2$$anonfun$apply$4.apply(Connection.scala:98)
	at langserver.core.Connection$$anonfun$start$2$$anonfun$apply$4.apply(Connection.scala:98)
	at play.api.libs.json.JsResult$class.fold(JsResult.scala:76)
	at play.api.libs.json.JsSuccess.fold(JsResult.scala:9)
	at langserver.core.Connection$$anonfun$start$2.apply(Connection.scala:97)
	at langserver.core.Connection$$anonfun$start$2.apply(Connection.scala:97)
	at scala.Option.fold(Option.scala:158)
	at langserver.core.Connection.start(Connection.scala:97)
	at langserver.core.LanguageServer.start(LanguageServer.scala:50)
	at org.github.dragos.vscode.EnsimeLanguageServer.start(EnsimeLanguageServer.scala:49)
	at org.github.dragos.vscode.Main$.main(Main.scala:23)
	at org.github.dragos.vscode.Main.main(Main.scala)
	at sun.reflect.NativeMethodAccessorImpl.invoke0(Native Method)
	at sun.reflect.NativeMethodAccessorImpl.invoke(NativeMethodAccessorImpl.java:62)
	at sun.reflect.DelegatingMethodAccessorImpl.invoke(DelegatingMethodAccessorImpl.java:43)
	at java.lang.reflect.Method.invoke(Method.java:497)
	at coursier.cli.qn.a(Unknown Source)
	at coursier.cli.qm.i(Unknown Source)
	at coursier.cli.qs.a(Unknown Source)
	at c.g.a.c(Unknown Source)
	at a.b.d_(Unknown Source)
	at c.b.d.E.g(Unknown Source)
	at c.b.e.aU.g(Unknown Source)
	at a.c.a(Unknown Source)
	at coursier.cli.qm.b(Unknown Source)
	at coursier.cli.M.b(Unknown Source)
	at a.J.d_(Unknown Source)
	at c.E.h(Unknown Source)
	at a.c.a(Unknown Source)
	at coursier.cli.Coursier.main(Unknown Source)
	at sun.reflect.NativeMethodAccessorImpl.invoke0(Native Method)
	at sun.reflect.NativeMethodAccessorImpl.invoke(NativeMethodAccessorImpl.java:62)
	at sun.reflect.DelegatingMethodAccessorImpl.invoke(DelegatingMethodAccessorImpl.java:43)
	at java.lang.reflect.Method.invoke(Method.java:497)
	at coursier.Bootstrap.main(Bootstrap.java:412)
[2017-04-15 22:30:43,020] DEBUG org.github.dragos.vscode.EnsimeLanguageServer - Completions future completed: succes? false
[2017-04-15 22:30:43,020] DEBUG org.github.dragos.vscode.EnsimeLanguageServer - Completions future completed: succes? false
[2017-04-15 22:30:44,615] ERROR langserver.core.Connection - failed notification handler
java.lang.NullPointerException: null
	at org.github.dragos.vscode.EnsimeLanguageServer.onChangeTextDocument(EnsimeLanguageServer.scala:144)
	at langserver.core.LanguageServer$$anonfun$2.apply(LanguageServer.scala:42)
	at langserver.core.LanguageServer$$anonfun$2.apply(LanguageServer.scala:40)
	at langserver.core.Connection$$anonfun$notifySubscribers$1$$anonfun$apply$1.apply$mcV$sp(Connection.scala:42)
	at langserver.core.Connection$$anonfun$notifySubscribers$1$$anonfun$apply$1.apply(Connection.scala:42)
	at langserver.core.Connection$$anonfun$notifySubscribers$1$$anonfun$apply$1.apply(Connection.scala:42)
	at scala.util.Try$.apply(Try.scala:192)
	at langserver.core.Connection$$anonfun$notifySubscribers$1.apply(Connection.scala:42)
	at langserver.core.Connection$$anonfun$notifySubscribers$1.apply(Connection.scala:41)
	at scala.collection.immutable.List.foreach(List.scala:381)
	at scala.collection.generic.TraversableForwarder$class.foreach(TraversableForwarder.scala:35)
	at scala.collection.mutable.ListBuffer.foreach(ListBuffer.scala:45)
	at langserver.core.Connection.notifySubscribers(Connection.scala:41)
	at langserver.core.Connection$$anonfun$start$2$$anonfun$apply$4.apply(Connection.scala:98)
	at langserver.core.Connection$$anonfun$start$2$$anonfun$apply$4.apply(Connection.scala:98)
	at play.api.libs.json.JsResult$class.fold(JsResult.scala:76)
	at play.api.libs.json.JsSuccess.fold(JsResult.scala:9)
	at langserver.core.Connection$$anonfun$start$2.apply(Connection.scala:97)
	at langserver.core.Connection$$anonfun$start$2.apply(Connection.scala:97)
	at scala.Option.fold(Option.scala:158)
	at langserver.core.Connection.start(Connection.scala:97)
	at langserver.core.LanguageServer.start(LanguageServer.scala:50)
	at org.github.dragos.vscode.EnsimeLanguageServer.start(EnsimeLanguageServer.scala:49)
	at org.github.dragos.vscode.Main$.main(Main.scala:23)
	at org.github.dragos.vscode.Main.main(Main.scala)
	at sun.reflect.NativeMethodAccessorImpl.invoke0(Native Method)
	at sun.reflect.NativeMethodAccessorImpl.invoke(NativeMethodAccessorImpl.java:62)
	at sun.reflect.DelegatingMethodAccessorImpl.invoke(DelegatingMethodAccessorImpl.java:43)
	at java.lang.reflect.Method.invoke(Method.java:497)
	at coursier.cli.qn.a(Unknown Source)
	at coursier.cli.qm.i(Unknown Source)
	at coursier.cli.qs.a(Unknown Source)
	at c.g.a.c(Unknown Source)
	at a.b.d_(Unknown Source)
	at c.b.d.E.g(Unknown Source)
	at c.b.e.aU.g(Unknown Source)
	at a.c.a(Unknown Source)
	at coursier.cli.qm.b(Unknown Source)
	at coursier.cli.M.b(Unknown Source)
	at a.J.d_(Unknown Source)
	at c.E.h(Unknown Source)
	at a.c.a(Unknown Source)
	at coursier.cli.Coursier.main(Unknown Source)
	at sun.reflect.NativeMethodAccessorImpl.invoke0(Native Method)
	at sun.reflect.NativeMethodAccessorImpl.invoke(NativeMethodAccessorImpl.java:62)
	at sun.reflect.DelegatingMethodAccessorImpl.invoke(DelegatingMethodAccessorImpl.java:43)
	at java.lang.reflect.Method.invoke(Method.java:497)
	at coursier.Bootstrap.main(Bootstrap.java:412)
[2017-04-15 22:30:44,615] ERROR langserver.core.Connection - failed notification handler
java.lang.NullPointerException: null
	at org.github.dragos.vscode.EnsimeLanguageServer.onChangeTextDocument(EnsimeLanguageServer.scala:144)
	at langserver.core.LanguageServer$$anonfun$2.apply(LanguageServer.scala:42)
	at langserver.core.LanguageServer$$anonfun$2.apply(LanguageServer.scala:40)
	at langserver.core.Connection$$anonfun$notifySubscribers$1$$anonfun$apply$1.apply$mcV$sp(Connection.scala:42)
	at langserver.core.Connection$$anonfun$notifySubscribers$1$$anonfun$apply$1.apply(Connection.scala:42)
	at langserver.core.Connection$$anonfun$notifySubscribers$1$$anonfun$apply$1.apply(Connection.scala:42)
	at scala.util.Try$.apply(Try.scala:192)
	at langserver.core.Connection$$anonfun$notifySubscribers$1.apply(Connection.scala:42)
	at langserver.core.Connection$$anonfun$notifySubscribers$1.apply(Connection.scala:41)
	at scala.collection.immutable.List.foreach(List.scala:381)
	at scala.collection.generic.TraversableForwarder$class.foreach(TraversableForwarder.scala:35)
	at scala.collection.mutable.ListBuffer.foreach(ListBuffer.scala:45)
	at langserver.core.Connection.notifySubscribers(Connection.scala:41)
	at langserver.core.Connection$$anonfun$start$2$$anonfun$apply$4.apply(Connection.scala:98)
	at langserver.core.Connection$$anonfun$start$2$$anonfun$apply$4.apply(Connection.scala:98)
	at play.api.libs.json.JsResult$class.fold(JsResult.scala:76)
	at play.api.libs.json.JsSuccess.fold(JsResult.scala:9)
	at langserver.core.Connection$$anonfun$start$2.apply(Connection.scala:97)
	at langserver.core.Connection$$anonfun$start$2.apply(Connection.scala:97)
	at scala.Option.fold(Option.scala:158)
	at langserver.core.Connection.start(Connection.scala:97)
	at langserver.core.LanguageServer.start(LanguageServer.scala:50)
	at org.github.dragos.vscode.EnsimeLanguageServer.start(EnsimeLanguageServer.scala:49)
	at org.github.dragos.vscode.Main$.main(Main.scala:23)
	at org.github.dragos.vscode.Main.main(Main.scala)
	at sun.reflect.NativeMethodAccessorImpl.invoke0(Native Method)
	at sun.reflect.NativeMethodAccessorImpl.invoke(NativeMethodAccessorImpl.java:62)
	at sun.reflect.DelegatingMethodAccessorImpl.invoke(DelegatingMethodAccessorImpl.java:43)
	at java.lang.reflect.Method.invoke(Method.java:497)
	at coursier.cli.qn.a(Unknown Source)
	at coursier.cli.qm.i(Unknown Source)
	at coursier.cli.qs.a(Unknown Source)
	at c.g.a.c(Unknown Source)
	at a.b.d_(Unknown Source)
	at c.b.d.E.g(Unknown Source)
	at c.b.e.aU.g(Unknown Source)
	at a.c.a(Unknown Source)
	at coursier.cli.qm.b(Unknown Source)
	at coursier.cli.M.b(Unknown Source)
	at a.J.d_(Unknown Source)
	at c.E.h(Unknown Source)
	at a.c.a(Unknown Source)
	at coursier.cli.Coursier.main(Unknown Source)
	at sun.reflect.NativeMethodAccessorImpl.invoke0(Native Method)
	at sun.reflect.NativeMethodAccessorImpl.invoke(NativeMethodAccessorImpl.java:62)
	at sun.reflect.DelegatingMethodAccessorImpl.invoke(DelegatingMethodAccessorImpl.java:43)
	at java.lang.reflect.Method.invoke(Method.java:497)
	at coursier.Bootstrap.main(Bootstrap.java:412)
[2017-04-15 22:30:45,292] ERROR langserver.core.Connection - failed notification handler
java.lang.NullPointerException: null
	at org.github.dragos.vscode.EnsimeLanguageServer.onChangeTextDocument(EnsimeLanguageServer.scala:144)
	at langserver.core.LanguageServer$$anonfun$2.apply(LanguageServer.scala:42)
	at langserver.core.LanguageServer$$anonfun$2.apply(LanguageServer.scala:40)
	at langserver.core.Connection$$anonfun$notifySubscribers$1$$anonfun$apply$1.apply$mcV$sp(Connection.scala:42)
	at langserver.core.Connection$$anonfun$notifySubscribers$1$$anonfun$apply$1.apply(Connection.scala:42)
	at langserver.core.Connection$$anonfun$notifySubscribers$1$$anonfun$apply$1.apply(Connection.scala:42)
	at scala.util.Try$.apply(Try.scala:192)
	at langserver.core.Connection$$anonfun$notifySubscribers$1.apply(Connection.scala:42)
	at langserver.core.Connection$$anonfun$notifySubscribers$1.apply(Connection.scala:41)
	at scala.collection.immutable.List.foreach(List.scala:381)
	at scala.collection.generic.TraversableForwarder$class.foreach(TraversableForwarder.scala:35)
	at scala.collection.mutable.ListBuffer.foreach(ListBuffer.scala:45)
	at langserver.core.Connection.notifySubscribers(Connection.scala:41)
	at langserver.core.Connection$$anonfun$start$2$$anonfun$apply$4.apply(Connection.scala:98)
	at langserver.core.Connection$$anonfun$start$2$$anonfun$apply$4.apply(Connection.scala:98)
	at play.api.libs.json.JsResult$class.fold(JsResult.scala:76)
	at play.api.libs.json.JsSuccess.fold(JsResult.scala:9)
	at langserver.core.Connection$$anonfun$start$2.apply(Connection.scala:97)
	at langserver.core.Connection$$anonfun$start$2.apply(Connection.scala:97)
	at scala.Option.fold(Option.scala:158)
	at langserver.core.Connection.start(Connection.scala:97)
	at langserver.core.LanguageServer.start(LanguageServer.scala:50)
	at org.github.dragos.vscode.EnsimeLanguageServer.start(EnsimeLanguageServer.scala:49)
	at org.github.dragos.vscode.Main$.main(Main.scala:23)
	at org.github.dragos.vscode.Main.main(Main.scala)
	at sun.reflect.NativeMethodAccessorImpl.invoke0(Native Method)
	at sun.reflect.NativeMethodAccessorImpl.invoke(NativeMethodAccessorImpl.java:62)
	at sun.reflect.DelegatingMethodAccessorImpl.invoke(DelegatingMethodAccessorImpl.java:43)
	at java.lang.reflect.Method.invoke(Method.java:497)
	at coursier.cli.qn.a(Unknown Source)
	at coursier.cli.qm.i(Unknown Source)
	at coursier.cli.qs.a(Unknown Source)
	at c.g.a.c(Unknown Source)
	at a.b.d_(Unknown Source)
	at c.b.d.E.g(Unknown Source)
	at c.b.e.aU.g(Unknown Source)
	at a.c.a(Unknown Source)
	at coursier.cli.qm.b(Unknown Source)
	at coursier.cli.M.b(Unknown Source)
	at a.J.d_(Unknown Source)
	at c.E.h(Unknown Source)
	at a.c.a(Unknown Source)
	at coursier.cli.Coursier.main(Unknown Source)
	at sun.reflect.NativeMethodAccessorImpl.invoke0(Native Method)
	at sun.reflect.NativeMethodAccessorImpl.invoke(NativeMethodAccessorImpl.java:62)
	at sun.reflect.DelegatingMethodAccessorImpl.invoke(DelegatingMethodAccessorImpl.java:43)
	at java.lang.reflect.Method.invoke(Method.java:497)
	at coursier.Bootstrap.main(Bootstrap.java:412)
[2017-04-15 22:30:45,292] ERROR langserver.core.Connection - failed notification handler
java.lang.NullPointerException: null
	at org.github.dragos.vscode.EnsimeLanguageServer.onChangeTextDocument(EnsimeLanguageServer.scala:144)
	at langserver.core.LanguageServer$$anonfun$2.apply(LanguageServer.scala:42)
	at langserver.core.LanguageServer$$anonfun$2.apply(LanguageServer.scala:40)
	at langserver.core.Connection$$anonfun$notifySubscribers$1$$anonfun$apply$1.apply$mcV$sp(Connection.scala:42)
	at langserver.core.Connection$$anonfun$notifySubscribers$1$$anonfun$apply$1.apply(Connection.scala:42)
	at langserver.core.Connection$$anonfun$notifySubscribers$1$$anonfun$apply$1.apply(Connection.scala:42)
	at scala.util.Try$.apply(Try.scala:192)
	at langserver.core.Connection$$anonfun$notifySubscribers$1.apply(Connection.scala:42)
	at langserver.core.Connection$$anonfun$notifySubscribers$1.apply(Connection.scala:41)
	at scala.collection.immutable.List.foreach(List.scala:381)
	at scala.collection.generic.TraversableForwarder$class.foreach(TraversableForwarder.scala:35)
	at scala.collection.mutable.ListBuffer.foreach(ListBuffer.scala:45)
	at langserver.core.Connection.notifySubscribers(Connection.scala:41)
	at langserver.core.Connection$$anonfun$start$2$$anonfun$apply$4.apply(Connection.scala:98)
	at langserver.core.Connection$$anonfun$start$2$$anonfun$apply$4.apply(Connection.scala:98)
	at play.api.libs.json.JsResult$class.fold(JsResult.scala:76)
	at play.api.libs.json.JsSuccess.fold(JsResult.scala:9)
	at langserver.core.Connection$$anonfun$start$2.apply(Connection.scala:97)
	at langserver.core.Connection$$anonfun$start$2.apply(Connection.scala:97)
	at scala.Option.fold(Option.scala:158)
	at langserver.core.Connection.start(Connection.scala:97)
	at langserver.core.LanguageServer.start(LanguageServer.scala:50)
	at org.github.dragos.vscode.EnsimeLanguageServer.start(EnsimeLanguageServer.scala:49)
	at org.github.dragos.vscode.Main$.main(Main.scala:23)
	at org.github.dragos.vscode.Main.main(Main.scala)
	at sun.reflect.NativeMethodAccessorImpl.invoke0(Native Method)
	at sun.reflect.NativeMethodAccessorImpl.invoke(NativeMethodAccessorImpl.java:62)
	at sun.reflect.DelegatingMethodAccessorImpl.invoke(DelegatingMethodAccessorImpl.java:43)
	at java.lang.reflect.Method.invoke(Method.java:497)
	at coursier.cli.qn.a(Unknown Source)
	at coursier.cli.qm.i(Unknown Source)
	at coursier.cli.qs.a(Unknown Source)
	at c.g.a.c(Unknown Source)
	at a.b.d_(Unknown Source)
	at c.b.d.E.g(Unknown Source)
	at c.b.e.aU.g(Unknown Source)
	at a.c.a(Unknown Source)
	at coursier.cli.qm.b(Unknown Source)
	at coursier.cli.M.b(Unknown Source)
	at a.J.d_(Unknown Source)
	at c.E.h(Unknown Source)
	at a.c.a(Unknown Source)
	at coursier.cli.Coursier.main(Unknown Source)
	at sun.reflect.NativeMethodAccessorImpl.invoke0(Native Method)
	at sun.reflect.NativeMethodAccessorImpl.invoke(NativeMethodAccessorImpl.java:62)
	at sun.reflect.DelegatingMethodAccessorImpl.invoke(DelegatingMethodAccessorImpl.java:43)
	at java.lang.reflect.Method.invoke(Method.java:497)
	at coursier.Bootstrap.main(Bootstrap.java:412)
[2017-04-15 22:30:45,363] ERROR langserver.core.Connection - No notification type exists with method=$/cancelRequest
[2017-04-15 22:30:45,363] ERROR langserver.core.Connection - No notification type exists with method=$/cancelRequest
[2017-04-15 22:30:45,542] ERROR langserver.core.Connection - failed notification handler
java.lang.NullPointerException: null
	at org.github.dragos.vscode.EnsimeLanguageServer.onChangeTextDocument(EnsimeLanguageServer.scala:144)
	at langserver.core.LanguageServer$$anonfun$2.apply(LanguageServer.scala:42)
	at langserver.core.LanguageServer$$anonfun$2.apply(LanguageServer.scala:40)
	at langserver.core.Connection$$anonfun$notifySubscribers$1$$anonfun$apply$1.apply$mcV$sp(Connection.scala:42)
	at langserver.core.Connection$$anonfun$notifySubscribers$1$$anonfun$apply$1.apply(Connection.scala:42)
	at langserver.core.Connection$$anonfun$notifySubscribers$1$$anonfun$apply$1.apply(Connection.scala:42)
	at scala.util.Try$.apply(Try.scala:192)
	at langserver.core.Connection$$anonfun$notifySubscribers$1.apply(Connection.scala:42)
	at langserver.core.Connection$$anonfun$notifySubscribers$1.apply(Connection.scala:41)
	at scala.collection.immutable.List.foreach(List.scala:381)
	at scala.collection.generic.TraversableForwarder$class.foreach(TraversableForwarder.scala:35)
	at scala.collection.mutable.ListBuffer.foreach(ListBuffer.scala:45)
	at langserver.core.Connection.notifySubscribers(Connection.scala:41)
	at langserver.core.Connection$$anonfun$start$2$$anonfun$apply$4.apply(Connection.scala:98)
	at langserver.core.Connection$$anonfun$start$2$$anonfun$apply$4.apply(Connection.scala:98)
	at play.api.libs.json.JsResult$class.fold(JsResult.scala:76)
	at play.api.libs.json.JsSuccess.fold(JsResult.scala:9)
	at langserver.core.Connection$$anonfun$start$2.apply(Connection.scala:97)
	at langserver.core.Connection$$anonfun$start$2.apply(Connection.scala:97)
	at scala.Option.fold(Option.scala:158)
	at langserver.core.Connection.start(Connection.scala:97)
	at langserver.core.LanguageServer.start(LanguageServer.scala:50)
	at org.github.dragos.vscode.EnsimeLanguageServer.start(EnsimeLanguageServer.scala:49)
	at org.github.dragos.vscode.Main$.main(Main.scala:23)
	at org.github.dragos.vscode.Main.main(Main.scala)
	at sun.reflect.NativeMethodAccessorImpl.invoke0(Native Method)
	at sun.reflect.NativeMethodAccessorImpl.invoke(NativeMethodAccessorImpl.java:62)
	at sun.reflect.DelegatingMethodAccessorImpl.invoke(DelegatingMethodAccessorImpl.java:43)
	at java.lang.reflect.Method.invoke(Method.java:497)
	at coursier.cli.qn.a(Unknown Source)
	at coursier.cli.qm.i(Unknown Source)
	at coursier.cli.qs.a(Unknown Source)
	at c.g.a.c(Unknown Source)
	at a.b.d_(Unknown Source)
	at c.b.d.E.g(Unknown Source)
	at c.b.e.aU.g(Unknown Source)
	at a.c.a(Unknown Source)
	at coursier.cli.qm.b(Unknown Source)
	at coursier.cli.M.b(Unknown Source)
	at a.J.d_(Unknown Source)
	at c.E.h(Unknown Source)
	at a.c.a(Unknown Source)
	at coursier.cli.Coursier.main(Unknown Source)
	at sun.reflect.NativeMethodAccessorImpl.invoke0(Native Method)
	at sun.reflect.NativeMethodAccessorImpl.invoke(NativeMethodAccessorImpl.java:62)
	at sun.reflect.DelegatingMethodAccessorImpl.invoke(DelegatingMethodAccessorImpl.java:43)
	at java.lang.reflect.Method.invoke(Method.java:497)
	at coursier.Bootstrap.main(Bootstrap.java:412)
[2017-04-15 22:30:45,542] ERROR langserver.core.Connection - failed notification handler
java.lang.NullPointerException: null
	at org.github.dragos.vscode.EnsimeLanguageServer.onChangeTextDocument(EnsimeLanguageServer.scala:144)
	at langserver.core.LanguageServer$$anonfun$2.apply(LanguageServer.scala:42)
	at langserver.core.LanguageServer$$anonfun$2.apply(LanguageServer.scala:40)
	at langserver.core.Connection$$anonfun$notifySubscribers$1$$anonfun$apply$1.apply$mcV$sp(Connection.scala:42)
	at langserver.core.Connection$$anonfun$notifySubscribers$1$$anonfun$apply$1.apply(Connection.scala:42)
	at langserver.core.Connection$$anonfun$notifySubscribers$1$$anonfun$apply$1.apply(Connection.scala:42)
	at scala.util.Try$.apply(Try.scala:192)
	at langserver.core.Connection$$anonfun$notifySubscribers$1.apply(Connection.scala:42)
	at langserver.core.Connection$$anonfun$notifySubscribers$1.apply(Connection.scala:41)
	at scala.collection.immutable.List.foreach(List.scala:381)
	at scala.collection.generic.TraversableForwarder$class.foreach(TraversableForwarder.scala:35)
	at scala.collection.mutable.ListBuffer.foreach(ListBuffer.scala:45)
	at langserver.core.Connection.notifySubscribers(Connection.scala:41)
	at langserver.core.Connection$$anonfun$start$2$$anonfun$apply$4.apply(Connection.scala:98)
	at langserver.core.Connection$$anonfun$start$2$$anonfun$apply$4.apply(Connection.scala:98)
	at play.api.libs.json.JsResult$class.fold(JsResult.scala:76)
	at play.api.libs.json.JsSuccess.fold(JsResult.scala:9)
	at langserver.core.Connection$$anonfun$start$2.apply(Connection.scala:97)
	at langserver.core.Connection$$anonfun$start$2.apply(Connection.scala:97)
	at scala.Option.fold(Option.scala:158)
	at langserver.core.Connection.start(Connection.scala:97)
	at langserver.core.LanguageServer.start(LanguageServer.scala:50)
	at org.github.dragos.vscode.EnsimeLanguageServer.start(EnsimeLanguageServer.scala:49)
	at org.github.dragos.vscode.Main$.main(Main.scala:23)
	at org.github.dragos.vscode.Main.main(Main.scala)
	at sun.reflect.NativeMethodAccessorImpl.invoke0(Native Method)
	at sun.reflect.NativeMethodAccessorImpl.invoke(NativeMethodAccessorImpl.java:62)
	at sun.reflect.DelegatingMethodAccessorImpl.invoke(DelegatingMethodAccessorImpl.java:43)
	at java.lang.reflect.Method.invoke(Method.java:497)
	at coursier.cli.qn.a(Unknown Source)
	at coursier.cli.qm.i(Unknown Source)
	at coursier.cli.qs.a(Unknown Source)
	at c.g.a.c(Unknown Source)
	at a.b.d_(Unknown Source)
	at c.b.d.E.g(Unknown Source)
	at c.b.e.aU.g(Unknown Source)
	at a.c.a(Unknown Source)
	at coursier.cli.qm.b(Unknown Source)
	at coursier.cli.M.b(Unknown Source)
	at a.J.d_(Unknown Source)
	at c.E.h(Unknown Source)
	at a.c.a(Unknown Source)
	at coursier.cli.Coursier.main(Unknown Source)
	at sun.reflect.NativeMethodAccessorImpl.invoke0(Native Method)
	at sun.reflect.NativeMethodAccessorImpl.invoke(NativeMethodAccessorImpl.java:62)
	at sun.reflect.DelegatingMethodAccessorImpl.invoke(DelegatingMethodAccessorImpl.java:43)
	at java.lang.reflect.Method.invoke(Method.java:497)
	at coursier.Bootstrap.main(Bootstrap.java:412)
[2017-04-15 22:30:45,700] ERROR langserver.core.Connection - failed notification handler
java.lang.NullPointerException: null
	at org.github.dragos.vscode.EnsimeLanguageServer.onChangeTextDocument(EnsimeLanguageServer.scala:144)
	at langserver.core.LanguageServer$$anonfun$2.apply(LanguageServer.scala:42)
	at langserver.core.LanguageServer$$anonfun$2.apply(LanguageServer.scala:40)
	at langserver.core.Connection$$anonfun$notifySubscribers$1$$anonfun$apply$1.apply$mcV$sp(Connection.scala:42)
	at langserver.core.Connection$$anonfun$notifySubscribers$1$$anonfun$apply$1.apply(Connection.scala:42)
	at langserver.core.Connection$$anonfun$notifySubscribers$1$$anonfun$apply$1.apply(Connection.scala:42)
	at scala.util.Try$.apply(Try.scala:192)
	at langserver.core.Connection$$anonfun$notifySubscribers$1.apply(Connection.scala:42)
	at langserver.core.Connection$$anonfun$notifySubscribers$1.apply(Connection.scala:41)
	at scala.collection.immutable.List.foreach(List.scala:381)
	at scala.collection.generic.TraversableForwarder$class.foreach(TraversableForwarder.scala:35)
	at scala.collection.mutable.ListBuffer.foreach(ListBuffer.scala:45)
	at langserver.core.Connection.notifySubscribers(Connection.scala:41)
	at langserver.core.Connection$$anonfun$start$2$$anonfun$apply$4.apply(Connection.scala:98)
	at langserver.core.Connection$$anonfun$start$2$$anonfun$apply$4.apply(Connection.scala:98)
	at play.api.libs.json.JsResult$class.fold(JsResult.scala:76)
	at play.api.libs.json.JsSuccess.fold(JsResult.scala:9)
	at langserver.core.Connection$$anonfun$start$2.apply(Connection.scala:97)
	at langserver.core.Connection$$anonfun$start$2.apply(Connection.scala:97)
	at scala.Option.fold(Option.scala:158)
	at langserver.core.Connection.start(Connection.scala:97)
	at langserver.core.LanguageServer.start(LanguageServer.scala:50)
	at org.github.dragos.vscode.EnsimeLanguageServer.start(EnsimeLanguageServer.scala:49)
	at org.github.dragos.vscode.Main$.main(Main.scala:23)
	at org.github.dragos.vscode.Main.main(Main.scala)
	at sun.reflect.NativeMethodAccessorImpl.invoke0(Native Method)
	at sun.reflect.NativeMethodAccessorImpl.invoke(NativeMethodAccessorImpl.java:62)
	at sun.reflect.DelegatingMethodAccessorImpl.invoke(DelegatingMethodAccessorImpl.java:43)
	at java.lang.reflect.Method.invoke(Method.java:497)
	at coursier.cli.qn.a(Unknown Source)
	at coursier.cli.qm.i(Unknown Source)
	at coursier.cli.qs.a(Unknown Source)
	at c.g.a.c(Unknown Source)
	at a.b.d_(Unknown Source)
	at c.b.d.E.g(Unknown Source)
	at c.b.e.aU.g(Unknown Source)
	at a.c.a(Unknown Source)
	at coursier.cli.qm.b(Unknown Source)
	at coursier.cli.M.b(Unknown Source)
	at a.J.d_(Unknown Source)
	at c.E.h(Unknown Source)
	at a.c.a(Unknown Source)
	at coursier.cli.Coursier.main(Unknown Source)
	at sun.reflect.NativeMethodAccessorImpl.invoke0(Native Method)
	at sun.reflect.NativeMethodAccessorImpl.invoke(NativeMethodAccessorImpl.java:62)
	at sun.reflect.DelegatingMethodAccessorImpl.invoke(DelegatingMethodAccessorImpl.java:43)
	at java.lang.reflect.Method.invoke(Method.java:497)
	at coursier.Bootstrap.main(Bootstrap.java:412)
[2017-04-15 22:30:45,700] ERROR langserver.core.Connection - failed notification handler
java.lang.NullPointerException: null
	at org.github.dragos.vscode.EnsimeLanguageServer.onChangeTextDocument(EnsimeLanguageServer.scala:144)
	at langserver.core.LanguageServer$$anonfun$2.apply(LanguageServer.scala:42)
	at langserver.core.LanguageServer$$anonfun$2.apply(LanguageServer.scala:40)
	at langserver.core.Connection$$anonfun$notifySubscribers$1$$anonfun$apply$1.apply$mcV$sp(Connection.scala:42)
	at langserver.core.Connection$$anonfun$notifySubscribers$1$$anonfun$apply$1.apply(Connection.scala:42)
	at langserver.core.Connection$$anonfun$notifySubscribers$1$$anonfun$apply$1.apply(Connection.scala:42)
	at scala.util.Try$.apply(Try.scala:192)
	at langserver.core.Connection$$anonfun$notifySubscribers$1.apply(Connection.scala:42)
	at langserver.core.Connection$$anonfun$notifySubscribers$1.apply(Connection.scala:41)
	at scala.collection.immutable.List.foreach(List.scala:381)
	at scala.collection.generic.TraversableForwarder$class.foreach(TraversableForwarder.scala:35)
	at scala.collection.mutable.ListBuffer.foreach(ListBuffer.scala:45)
	at langserver.core.Connection.notifySubscribers(Connection.scala:41)
	at langserver.core.Connection$$anonfun$start$2$$anonfun$apply$4.apply(Connection.scala:98)
	at langserver.core.Connection$$anonfun$start$2$$anonfun$apply$4.apply(Connection.scala:98)
	at play.api.libs.json.JsResult$class.fold(JsResult.scala:76)
	at play.api.libs.json.JsSuccess.fold(JsResult.scala:9)
	at langserver.core.Connection$$anonfun$start$2.apply(Connection.scala:97)
	at langserver.core.Connection$$anonfun$start$2.apply(Connection.scala:97)
	at scala.Option.fold(Option.scala:158)
	at langserver.core.Connection.start(Connection.scala:97)
	at langserver.core.LanguageServer.start(LanguageServer.scala:50)
	at org.github.dragos.vscode.EnsimeLanguageServer.start(EnsimeLanguageServer.scala:49)
	at org.github.dragos.vscode.Main$.main(Main.scala:23)
	at org.github.dragos.vscode.Main.main(Main.scala)
	at sun.reflect.NativeMethodAccessorImpl.invoke0(Native Method)
	at sun.reflect.NativeMethodAccessorImpl.invoke(NativeMethodAccessorImpl.java:62)
	at sun.reflect.DelegatingMethodAccessorImpl.invoke(DelegatingMethodAccessorImpl.java:43)
	at java.lang.reflect.Method.invoke(Method.java:497)
	at coursier.cli.qn.a(Unknown Source)
	at coursier.cli.qm.i(Unknown Source)
	at coursier.cli.qs.a(Unknown Source)
	at c.g.a.c(Unknown Source)
	at a.b.d_(Unknown Source)
	at c.b.d.E.g(Unknown Source)
	at c.b.e.aU.g(Unknown Source)
	at a.c.a(Unknown Source)
	at coursier.cli.qm.b(Unknown Source)
	at coursier.cli.M.b(Unknown Source)
	at a.J.d_(Unknown Source)
	at c.E.h(Unknown Source)
	at a.c.a(Unknown Source)
	at coursier.cli.Coursier.main(Unknown Source)
	at sun.reflect.NativeMethodAccessorImpl.invoke0(Native Method)
	at sun.reflect.NativeMethodAccessorImpl.invoke(NativeMethodAccessorImpl.java:62)
	at sun.reflect.DelegatingMethodAccessorImpl.invoke(DelegatingMethodAccessorImpl.java:43)
	at java.lang.reflect.Method.invoke(Method.java:497)
	at coursier.Bootstrap.main(Bootstrap.java:412)
[2017-04-15 22:30:45,702] DEBUG org.github.dragos.vscode.EnsimeLanguageServer - Completions future completed: succes? false
[2017-04-15 22:30:45,702] DEBUG org.github.dragos.vscode.EnsimeLanguageServer - Completions future completed: succes? false
[2017-04-15 22:30:46,088] ERROR langserver.core.Connection - failed notification handler
java.lang.NullPointerException: null
	at org.github.dragos.vscode.EnsimeLanguageServer.onChangeTextDocument(EnsimeLanguageServer.scala:144)
	at langserver.core.LanguageServer$$anonfun$2.apply(LanguageServer.scala:42)
	at langserver.core.LanguageServer$$anonfun$2.apply(LanguageServer.scala:40)
	at langserver.core.Connection$$anonfun$notifySubscribers$1$$anonfun$apply$1.apply$mcV$sp(Connection.scala:42)
	at langserver.core.Connection$$anonfun$notifySubscribers$1$$anonfun$apply$1.apply(Connection.scala:42)
	at langserver.core.Connection$$anonfun$notifySubscribers$1$$anonfun$apply$1.apply(Connection.scala:42)
	at scala.util.Try$.apply(Try.scala:192)
	at langserver.core.Connection$$anonfun$notifySubscribers$1.apply(Connection.scala:42)
	at langserver.core.Connection$$anonfun$notifySubscribers$1.apply(Connection.scala:41)
	at scala.collection.immutable.List.foreach(List.scala:381)
	at scala.collection.generic.TraversableForwarder$class.foreach(TraversableForwarder.scala:35)
	at scala.collection.mutable.ListBuffer.foreach(ListBuffer.scala:45)
	at langserver.core.Connection.notifySubscribers(Connection.scala:41)
	at langserver.core.Connection$$anonfun$start$2$$anonfun$apply$4.apply(Connection.scala:98)
	at langserver.core.Connection$$anonfun$start$2$$anonfun$apply$4.apply(Connection.scala:98)
	at play.api.libs.json.JsResult$class.fold(JsResult.scala:76)
	at play.api.libs.json.JsSuccess.fold(JsResult.scala:9)
	at langserver.core.Connection$$anonfun$start$2.apply(Connection.scala:97)
	at langserver.core.Connection$$anonfun$start$2.apply(Connection.scala:97)
	at scala.Option.fold(Option.scala:158)
	at langserver.core.Connection.start(Connection.scala:97)
	at langserver.core.LanguageServer.start(LanguageServer.scala:50)
	at org.github.dragos.vscode.EnsimeLanguageServer.start(EnsimeLanguageServer.scala:49)
	at org.github.dragos.vscode.Main$.main(Main.scala:23)
	at org.github.dragos.vscode.Main.main(Main.scala)
	at sun.reflect.NativeMethodAccessorImpl.invoke0(Native Method)
	at sun.reflect.NativeMethodAccessorImpl.invoke(NativeMethodAccessorImpl.java:62)
	at sun.reflect.DelegatingMethodAccessorImpl.invoke(DelegatingMethodAccessorImpl.java:43)
	at java.lang.reflect.Method.invoke(Method.java:497)
	at coursier.cli.qn.a(Unknown Source)
	at coursier.cli.qm.i(Unknown Source)
	at coursier.cli.qs.a(Unknown Source)
	at c.g.a.c(Unknown Source)
	at a.b.d_(Unknown Source)
	at c.b.d.E.g(Unknown Source)
	at c.b.e.aU.g(Unknown Source)
	at a.c.a(Unknown Source)
	at coursier.cli.qm.b(Unknown Source)
	at coursier.cli.M.b(Unknown Source)
	at a.J.d_(Unknown Source)
	at c.E.h(Unknown Source)
	at a.c.a(Unknown Source)
	at coursier.cli.Coursier.main(Unknown Source)
	at sun.reflect.NativeMethodAccessorImpl.invoke0(Native Method)
	at sun.reflect.NativeMethodAccessorImpl.invoke(NativeMethodAccessorImpl.java:62)
	at sun.reflect.DelegatingMethodAccessorImpl.invoke(DelegatingMethodAccessorImpl.java:43)
	at java.lang.reflect.Method.invoke(Method.java:497)
	at coursier.Bootstrap.main(Bootstrap.java:412)
[2017-04-15 22:30:46,088] ERROR langserver.core.Connection - failed notification handler
java.lang.NullPointerException: null
	at org.github.dragos.vscode.EnsimeLanguageServer.onChangeTextDocument(EnsimeLanguageServer.scala:144)
	at langserver.core.LanguageServer$$anonfun$2.apply(LanguageServer.scala:42)
	at langserver.core.LanguageServer$$anonfun$2.apply(LanguageServer.scala:40)
	at langserver.core.Connection$$anonfun$notifySubscribers$1$$anonfun$apply$1.apply$mcV$sp(Connection.scala:42)
	at langserver.core.Connection$$anonfun$notifySubscribers$1$$anonfun$apply$1.apply(Connection.scala:42)
	at langserver.core.Connection$$anonfun$notifySubscribers$1$$anonfun$apply$1.apply(Connection.scala:42)
	at scala.util.Try$.apply(Try.scala:192)
	at langserver.core.Connection$$anonfun$notifySubscribers$1.apply(Connection.scala:42)
	at langserver.core.Connection$$anonfun$notifySubscribers$1.apply(Connection.scala:41)
	at scala.collection.immutable.List.foreach(List.scala:381)
	at scala.collection.generic.TraversableForwarder$class.foreach(TraversableForwarder.scala:35)
	at scala.collection.mutable.ListBuffer.foreach(ListBuffer.scala:45)
	at langserver.core.Connection.notifySubscribers(Connection.scala:41)
	at langserver.core.Connection$$anonfun$start$2$$anonfun$apply$4.apply(Connection.scala:98)
	at langserver.core.Connection$$anonfun$start$2$$anonfun$apply$4.apply(Connection.scala:98)
	at play.api.libs.json.JsResult$class.fold(JsResult.scala:76)
	at play.api.libs.json.JsSuccess.fold(JsResult.scala:9)
	at langserver.core.Connection$$anonfun$start$2.apply(Connection.scala:97)
	at langserver.core.Connection$$anonfun$start$2.apply(Connection.scala:97)
	at scala.Option.fold(Option.scala:158)
	at langserver.core.Connection.start(Connection.scala:97)
	at langserver.core.LanguageServer.start(LanguageServer.scala:50)
	at org.github.dragos.vscode.EnsimeLanguageServer.start(EnsimeLanguageServer.scala:49)
	at org.github.dragos.vscode.Main$.main(Main.scala:23)
	at org.github.dragos.vscode.Main.main(Main.scala)
	at sun.reflect.NativeMethodAccessorImpl.invoke0(Native Method)
	at sun.reflect.NativeMethodAccessorImpl.invoke(NativeMethodAccessorImpl.java:62)
	at sun.reflect.DelegatingMethodAccessorImpl.invoke(DelegatingMethodAccessorImpl.java:43)
	at java.lang.reflect.Method.invoke(Method.java:497)
	at coursier.cli.qn.a(Unknown Source)
	at coursier.cli.qm.i(Unknown Source)
	at coursier.cli.qs.a(Unknown Source)
	at c.g.a.c(Unknown Source)
	at a.b.d_(Unknown Source)
	at c.b.d.E.g(Unknown Source)
	at c.b.e.aU.g(Unknown Source)
	at a.c.a(Unknown Source)
	at coursier.cli.qm.b(Unknown Source)
	at coursier.cli.M.b(Unknown Source)
	at a.J.d_(Unknown Source)
	at c.E.h(Unknown Source)
	at a.c.a(Unknown Source)
	at coursier.cli.Coursier.main(Unknown Source)
	at sun.reflect.NativeMethodAccessorImpl.invoke0(Native Method)
	at sun.reflect.NativeMethodAccessorImpl.invoke(NativeMethodAccessorImpl.java:62)
	at sun.reflect.DelegatingMethodAccessorImpl.invoke(DelegatingMethodAccessorImpl.java:43)
	at java.lang.reflect.Method.invoke(Method.java:497)
	at coursier.Bootstrap.main(Bootstrap.java:412)
[2017-04-15 22:30:46,369] ERROR langserver.core.Connection - No notification type exists with method=$/cancelRequest
[2017-04-15 22:30:46,369] ERROR langserver.core.Connection - No notification type exists with method=$/cancelRequest
[2017-04-15 22:30:46,544] ERROR langserver.core.Connection - failed notification handler
java.lang.NullPointerException: null
	at org.github.dragos.vscode.EnsimeLanguageServer.onChangeTextDocument(EnsimeLanguageServer.scala:144)
	at langserver.core.LanguageServer$$anonfun$2.apply(LanguageServer.scala:42)
	at langserver.core.LanguageServer$$anonfun$2.apply(LanguageServer.scala:40)
	at langserver.core.Connection$$anonfun$notifySubscribers$1$$anonfun$apply$1.apply$mcV$sp(Connection.scala:42)
	at langserver.core.Connection$$anonfun$notifySubscribers$1$$anonfun$apply$1.apply(Connection.scala:42)
	at langserver.core.Connection$$anonfun$notifySubscribers$1$$anonfun$apply$1.apply(Connection.scala:42)
	at scala.util.Try$.apply(Try.scala:192)
	at langserver.core.Connection$$anonfun$notifySubscribers$1.apply(Connection.scala:42)
	at langserver.core.Connection$$anonfun$notifySubscribers$1.apply(Connection.scala:41)
	at scala.collection.immutable.List.foreach(List.scala:381)
	at scala.collection.generic.TraversableForwarder$class.foreach(TraversableForwarder.scala:35)
	at scala.collection.mutable.ListBuffer.foreach(ListBuffer.scala:45)
	at langserver.core.Connection.notifySubscribers(Connection.scala:41)
	at langserver.core.Connection$$anonfun$start$2$$anonfun$apply$4.apply(Connection.scala:98)
	at langserver.core.Connection$$anonfun$start$2$$anonfun$apply$4.apply(Connection.scala:98)
	at play.api.libs.json.JsResult$class.fold(JsResult.scala:76)
	at play.api.libs.json.JsSuccess.fold(JsResult.scala:9)
	at langserver.core.Connection$$anonfun$start$2.apply(Connection.scala:97)
	at langserver.core.Connection$$anonfun$start$2.apply(Connection.scala:97)
	at scala.Option.fold(Option.scala:158)
	at langserver.core.Connection.start(Connection.scala:97)
	at langserver.core.LanguageServer.start(LanguageServer.scala:50)
	at org.github.dragos.vscode.EnsimeLanguageServer.start(EnsimeLanguageServer.scala:49)
	at org.github.dragos.vscode.Main$.main(Main.scala:23)
	at org.github.dragos.vscode.Main.main(Main.scala)
	at sun.reflect.NativeMethodAccessorImpl.invoke0(Native Method)
	at sun.reflect.NativeMethodAccessorImpl.invoke(NativeMethodAccessorImpl.java:62)
	at sun.reflect.DelegatingMethodAccessorImpl.invoke(DelegatingMethodAccessorImpl.java:43)
	at java.lang.reflect.Method.invoke(Method.java:497)
	at coursier.cli.qn.a(Unknown Source)
	at coursier.cli.qm.i(Unknown Source)
	at coursier.cli.qs.a(Unknown Source)
	at c.g.a.c(Unknown Source)
	at a.b.d_(Unknown Source)
	at c.b.d.E.g(Unknown Source)
	at c.b.e.aU.g(Unknown Source)
	at a.c.a(Unknown Source)
	at coursier.cli.qm.b(Unknown Source)
	at coursier.cli.M.b(Unknown Source)
	at a.J.d_(Unknown Source)
	at c.E.h(Unknown Source)
	at a.c.a(Unknown Source)
	at coursier.cli.Coursier.main(Unknown Source)
	at sun.reflect.NativeMethodAccessorImpl.invoke0(Native Method)
	at sun.reflect.NativeMethodAccessorImpl.invoke(NativeMethodAccessorImpl.java:62)
	at sun.reflect.DelegatingMethodAccessorImpl.invoke(DelegatingMethodAccessorImpl.java:43)
	at java.lang.reflect.Method.invoke(Method.java:497)
	at coursier.Bootstrap.main(Bootstrap.java:412)
[2017-04-15 22:30:46,544] ERROR langserver.core.Connection - failed notification handler
java.lang.NullPointerException: null
	at org.github.dragos.vscode.EnsimeLanguageServer.onChangeTextDocument(EnsimeLanguageServer.scala:144)
	at langserver.core.LanguageServer$$anonfun$2.apply(LanguageServer.scala:42)
	at langserver.core.LanguageServer$$anonfun$2.apply(LanguageServer.scala:40)
	at langserver.core.Connection$$anonfun$notifySubscribers$1$$anonfun$apply$1.apply$mcV$sp(Connection.scala:42)
	at langserver.core.Connection$$anonfun$notifySubscribers$1$$anonfun$apply$1.apply(Connection.scala:42)
	at langserver.core.Connection$$anonfun$notifySubscribers$1$$anonfun$apply$1.apply(Connection.scala:42)
	at scala.util.Try$.apply(Try.scala:192)
	at langserver.core.Connection$$anonfun$notifySubscribers$1.apply(Connection.scala:42)
	at langserver.core.Connection$$anonfun$notifySubscribers$1.apply(Connection.scala:41)
	at scala.collection.immutable.List.foreach(List.scala:381)
	at scala.collection.generic.TraversableForwarder$class.foreach(TraversableForwarder.scala:35)
	at scala.collection.mutable.ListBuffer.foreach(ListBuffer.scala:45)
	at langserver.core.Connection.notifySubscribers(Connection.scala:41)
	at langserver.core.Connection$$anonfun$start$2$$anonfun$apply$4.apply(Connection.scala:98)
	at langserver.core.Connection$$anonfun$start$2$$anonfun$apply$4.apply(Connection.scala:98)
	at play.api.libs.json.JsResult$class.fold(JsResult.scala:76)
	at play.api.libs.json.JsSuccess.fold(JsResult.scala:9)
	at langserver.core.Connection$$anonfun$start$2.apply(Connection.scala:97)
	at langserver.core.Connection$$anonfun$start$2.apply(Connection.scala:97)
	at scala.Option.fold(Option.scala:158)
	at langserver.core.Connection.start(Connection.scala:97)
	at langserver.core.LanguageServer.start(LanguageServer.scala:50)
	at org.github.dragos.vscode.EnsimeLanguageServer.start(EnsimeLanguageServer.scala:49)
	at org.github.dragos.vscode.Main$.main(Main.scala:23)
	at org.github.dragos.vscode.Main.main(Main.scala)
	at sun.reflect.NativeMethodAccessorImpl.invoke0(Native Method)
	at sun.reflect.NativeMethodAccessorImpl.invoke(NativeMethodAccessorImpl.java:62)
	at sun.reflect.DelegatingMethodAccessorImpl.invoke(DelegatingMethodAccessorImpl.java:43)
	at java.lang.reflect.Method.invoke(Method.java:497)
	at coursier.cli.qn.a(Unknown Source)
	at coursier.cli.qm.i(Unknown Source)
	at coursier.cli.qs.a(Unknown Source)
	at c.g.a.c(Unknown Source)
	at a.b.d_(Unknown Source)
	at c.b.d.E.g(Unknown Source)
	at c.b.e.aU.g(Unknown Source)
	at a.c.a(Unknown Source)
	at coursier.cli.qm.b(Unknown Source)
	at coursier.cli.M.b(Unknown Source)
	at a.J.d_(Unknown Source)
	at c.E.h(Unknown Source)
	at a.c.a(Unknown Source)
	at coursier.cli.Coursier.main(Unknown Source)
	at sun.reflect.NativeMethodAccessorImpl.invoke0(Native Method)
	at sun.reflect.NativeMethodAccessorImpl.invoke(NativeMethodAccessorImpl.java:62)
	at sun.reflect.DelegatingMethodAccessorImpl.invoke(DelegatingMethodAccessorImpl.java:43)
	at java.lang.reflect.Method.invoke(Method.java:497)
	at coursier.Bootstrap.main(Bootstrap.java:412)
[2017-04-15 22:30:48,339] DEBUG org.github.dragos.vscode.EnsimeLanguageServer - saveTextDocuemnt TextDocumentIdentifier(file:///Users/Clay/Downloads/project/Scala/src/main/scala/helloscala.scala)
[2017-04-15 22:30:48,339] DEBUG org.github.dragos.vscode.EnsimeLanguageServer - saveTextDocuemnt TextDocumentIdentifier(file:///Users/Clay/Downloads/project/Scala/src/main/scala/helloscala.scala)
[2017-04-15 22:31:30,183] INFO org.github.dragos.vscode.EnsimeLanguageServer - Got hover request at (154, 22).
[2017-04-15 22:31:30,183] INFO org.github.dragos.vscode.EnsimeLanguageServer - Got hover request at (154, 22).
[2017-04-15 22:31:30,184] DEBUG org.github.dragos.vscode.EnsimeLanguageServer - DocUriAtPointReq future completed: succes? false
[2017-04-15 22:31:30,184] DEBUG org.github.dragos.vscode.EnsimeLanguageServer - DocUriAtPointReq future completed: succes? false
[2017-04-15 22:31:30,305] ERROR langserver.core.Connection - No notification type exists with method=$/cancelRequest
[2017-04-15 22:31:30,305] ERROR langserver.core.Connection - No notification type exists with method=$/cancelRequest
[2017-04-15 22:31:31,896] INFO org.github.dragos.vscode.EnsimeLanguageServer - Got hover request at (7, 8).
[2017-04-15 22:31:31,896] INFO org.github.dragos.vscode.EnsimeLanguageServer - Got hover request at (7, 8).
[2017-04-15 22:31:31,897] DEBUG org.github.dragos.vscode.EnsimeLanguageServer - DocUriAtPointReq future completed: succes? false
[2017-04-15 22:31:31,897] DEBUG org.github.dragos.vscode.EnsimeLanguageServer - DocUriAtPointReq future completed: succes? false
[2017-04-15 22:31:32,047] ERROR langserver.core.Connection - No notification type exists with method=$/cancelRequest
[2017-04-15 22:31:32,047] ERROR langserver.core.Connection - No notification type exists with method=$/cancelRequest
[2017-04-15 22:31:32,199] INFO org.github.dragos.vscode.EnsimeLanguageServer - Got hover request at (7, 9).
[2017-04-15 22:31:32,199] INFO org.github.dragos.vscode.EnsimeLanguageServer - Got hover request at (7, 9).
[2017-04-15 22:31:32,199] DEBUG org.github.dragos.vscode.EnsimeLanguageServer - DocUriAtPointReq future completed: succes? false
[2017-04-15 22:31:32,199] DEBUG org.github.dragos.vscode.EnsimeLanguageServer - DocUriAtPointReq future completed: succes? false
[2017-04-15 22:31:32,483] ERROR langserver.core.Connection - No notification type exists with method=$/cancelRequest
[2017-04-15 22:31:32,483] ERROR langserver.core.Connection - No notification type exists with method=$/cancelRequest
[2017-04-15 22:31:32,635] INFO org.github.dragos.vscode.EnsimeLanguageServer - Got hover request at (8, 6).
[2017-04-15 22:31:32,635] INFO org.github.dragos.vscode.EnsimeLanguageServer - Got hover request at (8, 6).
[2017-04-15 22:31:32,635] DEBUG org.github.dragos.vscode.EnsimeLanguageServer - DocUriAtPointReq future completed: succes? false
[2017-04-15 22:31:32,635] DEBUG org.github.dragos.vscode.EnsimeLanguageServer - DocUriAtPointReq future completed: succes? false
[2017-04-15 22:31:32,833] ERROR langserver.core.Connection - No notification type exists with method=$/cancelRequest
[2017-04-15 22:31:32,833] ERROR langserver.core.Connection - No notification type exists with method=$/cancelRequest
[2017-04-15 22:31:32,985] INFO org.github.dragos.vscode.EnsimeLanguageServer - Got hover request at (8, 6).
[2017-04-15 22:31:32,985] INFO org.github.dragos.vscode.EnsimeLanguageServer - Got hover request at (8, 6).
[2017-04-15 22:31:32,985] DEBUG org.github.dragos.vscode.EnsimeLanguageServer - DocUriAtPointReq future completed: succes? false
[2017-04-15 22:31:32,985] DEBUG org.github.dragos.vscode.EnsimeLanguageServer - DocUriAtPointReq future completed: succes? false
[2017-04-15 22:31:33,034] ERROR langserver.core.Connection - No notification type exists with method=$/cancelRequest
[2017-04-15 22:31:33,034] ERROR langserver.core.Connection - No notification type exists with method=$/cancelRequest
[2017-04-15 22:31:33,287] INFO org.github.dragos.vscode.EnsimeLanguageServer - Got hover request at (8, 7).
[2017-04-15 22:31:33,287] INFO org.github.dragos.vscode.EnsimeLanguageServer - Got hover request at (8, 7).
[2017-04-15 22:31:33,287] DEBUG org.github.dragos.vscode.EnsimeLanguageServer - DocUriAtPointReq future completed: succes? false
[2017-04-15 22:31:33,287] DEBUG org.github.dragos.vscode.EnsimeLanguageServer - DocUriAtPointReq future completed: succes? false
[2017-04-15 22:31:33,292] ERROR langserver.core.Connection - No notification type exists with method=$/cancelRequest
[2017-04-15 22:31:33,292] ERROR langserver.core.Connection - No notification type exists with method=$/cancelRequest
[2017-04-15 22:31:36,006] INFO org.github.dragos.vscode.EnsimeLanguageServer - Got hover request at (8, 12).
[2017-04-15 22:31:36,006] INFO org.github.dragos.vscode.EnsimeLanguageServer - Got hover request at (8, 12).
[2017-04-15 22:31:36,007] DEBUG org.github.dragos.vscode.EnsimeLanguageServer - DocUriAtPointReq future completed: succes? false
[2017-04-15 22:31:36,007] DEBUG org.github.dragos.vscode.EnsimeLanguageServer - DocUriAtPointReq future completed: succes? false
[2017-04-15 22:31:38,030] ERROR langserver.core.Connection - No notification type exists with method=$/cancelRequest
[2017-04-15 22:31:38,030] ERROR langserver.core.Connection - No notification type exists with method=$/cancelRequest
[2017-04-15 22:33:29,957] INFO org.github.dragos.vscode.EnsimeLanguageServer - Got hover request at (8, 10).
[2017-04-15 22:33:29,957] INFO org.github.dragos.vscode.EnsimeLanguageServer - Got hover request at (8, 10).
[2017-04-15 22:33:29,958] DEBUG org.github.dragos.vscode.EnsimeLanguageServer - DocUriAtPointReq future completed: succes? false
[2017-04-15 22:33:29,958] DEBUG org.github.dragos.vscode.EnsimeLanguageServer - DocUriAtPointReq future completed: succes? false
[2017-04-15 22:33:30,033] ERROR langserver.core.Connection - No notification type exists with method=$/cancelRequest
[2017-04-15 22:33:30,033] ERROR langserver.core.Connection - No notification type exists with method=$/cancelRequest
[2017-04-15 22:33:30,285] INFO org.github.dragos.vscode.EnsimeLanguageServer - Got hover request at (7, 14).
[2017-04-15 22:33:30,285] INFO org.github.dragos.vscode.EnsimeLanguageServer - Got hover request at (7, 14).
[2017-04-15 22:33:30,286] DEBUG org.github.dragos.vscode.EnsimeLanguageServer - DocUriAtPointReq future completed: succes? false
[2017-04-15 22:33:30,286] DEBUG org.github.dragos.vscode.EnsimeLanguageServer - DocUriAtPointReq future completed: succes? false
[2017-04-15 22:33:34,881] ERROR langserver.core.Connection - No notification type exists with method=$/cancelRequest
[2017-04-15 22:33:34,881] ERROR langserver.core.Connection - No notification type exists with method=$/cancelRequest
